<?xml version="1.0" encoding="UTF-8"?>
<!-- Generated by org.testng.reporters.JUnitReportReporter -->
<testsuite hostname="DESKTOP-Q55A1M4" failures="0" tests="1" name="myTestcases.Signup" time="8.949" errors="0" timestamp="2024-01-29T12:02:06 EET" skipped="0">
  <testcase classname="myTestcases.Signup" name="myFirstTest" time="8.949"/>
  <system-out/>
</testsuite> <!-- myTestcases.Signup -->
